

Microchip MPLAB XC8 Assembler V2.40 build 20220703182018 
                                                                                               Wed Feb 08 21:46:26 2023

Microchip MPLAB XC8 C Compiler v2.40 (Free license) build 20220703182018 Og1 
     1                           	processor	18F4550
     2                           	fnconf	rparam,??,?,0
     3                           	pagewidth 120
     4                           	opt	flic
     5                           	psect	idataCOMRAM,global,class=CODE,delta=1,noexec
     6                           	psect	cinit,global,reloc=2,class=CODE,delta=1
     7                           	psect	dataCOMRAM,global,class=COMRAM,space=1,delta=1,lowdata,noexec
     8                           	psect	cstackCOMRAM,global,class=COMRAM,space=1,delta=1,lowdata,noexec
     9                           	psect	text0,global,reloc=2,class=CODE,delta=1
    10                           	psect	text1,global,reloc=2,class=CODE,delta=1
    11                           	psect	intsave_regs,global,class=BIGRAM,space=1,delta=1,noexec
    12                           	psect	rparam,global,class=COMRAM,space=1,delta=1,noexec
    13                           	psect	idloc,global,abs,ovrld,class=IDLOC,space=5,delta=1,noexec
    14                           	psect	config,global,abs,ovrld,class=CONFIG,space=4,delta=1,noexec
    15   000000                     
    16                           ; Version 2.40
    17                           ; Generated 17/11/2021 GMT
    18                           ; 
    19                           ; Copyright © 2021, Microchip Technology Inc. and its subsidiaries ("Microchip")
    20                           ; All rights reserved.
    21                           ; 
    22                           ; This software is developed by Microchip Technology Inc. and its subsidiaries ("Microch
      +                          ip").
    23                           ; 
    24                           ; Redistribution and use in source and binary forms, with or without modification, are
    25                           ; permitted provided that the following conditions are met:
    26                           ; 
    27                           ;     1. Redistributions of source code must retain the above copyright notice, this lis
      +                          t of
    28                           ;        conditions and the following disclaimer.
    29                           ; 
    30                           ;     2. Redistributions in binary form must reproduce the above copyright notice, this 
      +                          list
    31                           ;        of conditions and the following disclaimer in the documentation and/or other
    32                           ;        materials provided with the distribution. Publication is not required when
    33                           ;        this file is used in an embedded application.
    34                           ; 
    35                           ;     3. Microchip's name may not be used to endorse or promote products derived from th
      +                          is
    36                           ;        software without specific prior written permission.
    37                           ; 
    38                           ; THIS SOFTWARE IS PROVIDED BY MICROCHIP "AS IS" AND ANY EXPRESS OR IMPLIED WARRANTIES,
    39                           ; INCLUDING, BUT NOT LIMITED TO, THE IMPLIED WARRANTIES OF MERCHANTABILITY AND FITNESS F
      +                          OR
    40                           ; PURPOSE ARE DISCLAIMED.  IN NO EVENT SHALL MICROCHIP BE LIABLE FOR ANY DIRECT, INDIREC
      +                          T,
    41                           ; INCIDENTAL, SPECIAL, EXEMPLARY, OR CONSEQUENTIAL DAMAGES (INCLUDING BUT NOT LIMITED TO
    42                           ; PROCUREMENT OF SUBSTITUTE GOODS OR SERVICES; LOSS OF USE, DATA OR PROFITS; OR BUSINESS
    43                           ; INTERRUPTION) HOWSOEVER CAUSED AND ON ANY THEORY OF LIABILITY, WHETHER IN CONTRACT, ST
      +                          RICT
    44                           ; LIABILITY, OR TORT (INCLUDING NEGLIGENCE OR OTHERWISE) ARISING IN ANY WAY OUT OF THE U
      +                          SE OF
    45                           ; THIS SOFTWARE, EVEN IF ADVISED OF THE POSSIBILITY OF SUCH DAMAGE.
    46                           ; 
    47                           ; 
    48                           ; Code-generator required, PIC18F4550 Definitions
    49                           ; 
    50                           ; SFR Addresses
    51   000000                     
    52                           	psect	idataCOMRAM
    53   007F1C                     __pidataCOMRAM:
    54                           	callstack 0
    55                           
    56                           ;initializer for _keyN
    57   007F1C  FF                 	db	255
    58   007F1D  00                 	db	0
    59   007F1E  01                 	db	1
    60   007F1F  E3                 	db	227
    61   007F20  C7                 	db	199
    62   007F21  80                 	db	128
    63   007F22  00                 	db	0
    64   007F23  FF                 	db	255
    65                           
    66                           ;initializer for _keyA
    67   007F24  FF                 	db	255
    68   007F25  01                 	db	1
    69   007F26  00                 	db	0
    70   007F27  E6                 	db	230
    71   007F28  E6                 	db	230
    72   007F29  00                 	db	0
    73   007F2A  01                 	db	1
    74   007F2B  FF                 	db	255
    75                           
    76                           ;initializer for _key1
    77   007F2C  FF                 	db	255
    78   007F2D  7F                 	db	127
    79   007F2E  7B                 	db	123
    80   007F2F  01                 	db	1
    81   007F30  00                 	db	0
    82   007F31  7F                 	db	127
    83   007F32  7F                 	db	127
    84   007F33  FF                 	db	255
    85                           
    86                           ;initializer for _keyHeart
    87   007F34  E3                 	db	227
    88   007F35  C1                 	db	193
    89   007F36  81                 	db	129
    90   007F37  03                 	db	3
    91   007F38  81                 	db	129
    92   007F39  C1                 	db	193
    93   007F3A  E3                 	db	227
    94   007F3B  FF                 	db	255
    95   000000                     _PORTB	set	3969
    96   000000                     _PORTD	set	3971
    97   000000                     _LATB	set	3978
    98   000000                     _LATD	set	3980
    99   000000                     _TRISB	set	3987
   100   000000                     _TRISD	set	3989
   101                           
   102                           ; #config settings
   103                           
   104                           	psect	cinit
   105   007F3C                     __pcinit:
   106                           	callstack 0
   107   007F3C                     start_initialization:
   108                           	callstack 0
   109   007F3C                     __initialization:
   110                           	callstack 0
   111                           
   112                           ; Initialize objects allocated to COMRAM (32 bytes)
   113                           ; load TBLPTR registers with __pidataCOMRAM
   114   007F3C  0E1C               	movlw	low __pidataCOMRAM
   115   007F3E  6EF6               	movwf	tblptrl,c
   116   007F40  0E7F               	movlw	high __pidataCOMRAM
   117   007F42  6EF7               	movwf	tblptrh,c
   118   007F44  0E00               	movlw	low (__pidataCOMRAM shr (0+16))
   119   007F46  6EF8               	movwf	tblptru,c
   120   007F48  EE00  F001         	lfsr	0,__pdataCOMRAM
   121   007F4C  EE10 F020          	lfsr	1,32
   122   007F50                     copy_data0:
   123   007F50  0009               	tblrd		*+
   124   007F52  CFF5 FFEE          	movff	tablat,postinc0
   125   007F56  50E5               	movf	postdec1,w,c
   126   007F58  50E1               	movf	fsr1l,w,c
   127   007F5A  E1FA               	bnz	copy_data0
   128   007F5C                     end_of_initialization:
   129                           	callstack 0
   130   007F5C                     __end_of__initialization:
   131                           	callstack 0
   132   007F5C  0100               	movlb	0
   133   007F5E  EFB1  F03F         	goto	_main	;jump to C main() function
   134                           
   135                           	psect	dataCOMRAM
   136   000001                     __pdataCOMRAM:
   137                           	callstack 0
   138   000001                     _keyN:
   139                           	callstack 0
   140   000001                     	ds	8
   141   000009                     _keyA:
   142                           	callstack 0
   143   000009                     	ds	8
   144   000011                     _key1:
   145                           	callstack 0
   146   000011                     	ds	8
   147   000019                     _keyHeart:
   148                           	callstack 0
   149   000019                     	ds	8
   150                           
   151                           	psect	cstackCOMRAM
   152   000021                     __pcstackCOMRAM:
   153                           	callstack 0
   154   000021                     display@key:
   155                           	callstack 0
   156                           
   157                           ; 2 bytes @ 0x0
   158   000021                     	ds	2
   159   000023                     ??_display:
   160                           
   161                           ; 1 bytes @ 0x2
   162   000023                     	ds	2
   163   000025                     display@i:
   164                           	callstack 0
   165                           
   166                           ; 2 bytes @ 0x4
   167   000025                     	ds	2
   168   000027                     
   169                           ; 1 bytes @ 0x6
   170 ;;
   171 ;;Main: autosize = 0, tempsize = 0, incstack = 0, save=0
   172 ;;
   173 ;; *************** function _main *****************
   174 ;; Defined at:
   175 ;;		line 22 in file "Code.c"
   176 ;; Parameters:    Size  Location     Type
   177 ;;		None
   178 ;; Auto vars:     Size  Location     Type
   179 ;;		None
   180 ;; Return value:  Size  Location     Type
   181 ;;                  1    wreg      void 
   182 ;; Registers used:
   183 ;;		wreg, fsr2l, fsr2h, status,2, status,0, cstack
   184 ;; Tracked objects:
   185 ;;		On entry : 0/0
   186 ;;		On exit  : 0/0
   187 ;;		Unchanged: 0/0
   188 ;; Data sizes:     COMRAM   BANK0   BANK1   BANK2   BANK3   BANK4   BANK5   BANK6   BANK7
   189 ;;      Params:         0       0       0       0       0       0       0       0       0
   190 ;;      Locals:         0       0       0       0       0       0       0       0       0
   191 ;;      Temps:          0       0       0       0       0       0       0       0       0
   192 ;;      Totals:         0       0       0       0       0       0       0       0       0
   193 ;;Total ram usage:        0 bytes
   194 ;; Hardware stack levels required when called: 1
   195 ;; This function calls:
   196 ;;		_display
   197 ;; This function is called by:
   198 ;;		Startup code after reset
   199 ;; This function uses a non-reentrant model
   200 ;;
   201                           
   202                           	psect	text0
   203   007F62                     __ptext0:
   204                           	callstack 0
   205   007F62                     _main:
   206                           	callstack 30
   207   007F62                     
   208                           ;Code.c: 24:     PORTB = 0x00;
   209   007F62  0E00               	movlw	0
   210   007F64  6E81               	movwf	129,c	;volatile
   211                           
   212                           ;Code.c: 25:     LATB = 0x00;
   213   007F66  0E00               	movlw	0
   214   007F68  6E8A               	movwf	138,c	;volatile
   215                           
   216                           ;Code.c: 26:     PORTD = 0x00;
   217   007F6A  0E00               	movlw	0
   218   007F6C  6E83               	movwf	131,c	;volatile
   219                           
   220                           ;Code.c: 27:     LATD = 0x00;
   221   007F6E  0E00               	movlw	0
   222   007F70  6E8C               	movwf	140,c	;volatile
   223                           
   224                           ;Code.c: 30:     TRISD = 0;
   225   007F72  0E00               	movlw	0
   226   007F74  6E95               	movwf	149,c	;volatile
   227                           
   228                           ;Code.c: 31:     TRISB = 0;
   229   007F76  0E00               	movlw	0
   230   007F78  6E93               	movwf	147,c	;volatile
   231   007F7A                     l755:
   232                           
   233                           ;Code.c: 34:         display(keyHeart);
   234   007F7A  0E19               	movlw	low _keyHeart
   235   007F7C  6E21               	movwf	display@key^0,c
   236   007F7E  0E00               	movlw	high _keyHeart
   237   007F80  6E22               	movwf	(display@key+1)^0,c
   238   007F82  ECC7  F03F         	call	_display	;wreg free
   239   007F86  EFBD  F03F         	goto	l755
   240   007F8A  EF00  F000         	goto	start
   241   007F8E                     __end_of_main:
   242                           	callstack 0
   243                           
   244 ;; *************** function _display *****************
   245 ;; Defined at:
   246 ;;		line 44 in file "Code.c"
   247 ;; Parameters:    Size  Location     Type
   248 ;;  key             2    0[COMRAM] PTR unsigned char 
   249 ;;		 -> keyHeart(8), 
   250 ;; Auto vars:     Size  Location     Type
   251 ;;  i               2    4[COMRAM] int 
   252 ;; Return value:  Size  Location     Type
   253 ;;                  1    wreg      void 
   254 ;; Registers used:
   255 ;;		wreg, fsr2l, fsr2h, status,2, status,0
   256 ;; Tracked objects:
   257 ;;		On entry : 0/0
   258 ;;		On exit  : 0/0
   259 ;;		Unchanged: 0/0
   260 ;; Data sizes:     COMRAM   BANK0   BANK1   BANK2   BANK3   BANK4   BANK5   BANK6   BANK7
   261 ;;      Params:         2       0       0       0       0       0       0       0       0
   262 ;;      Locals:         2       0       0       0       0       0       0       0       0
   263 ;;      Temps:          2       0       0       0       0       0       0       0       0
   264 ;;      Totals:         6       0       0       0       0       0       0       0       0
   265 ;;Total ram usage:        6 bytes
   266 ;; Hardware stack levels used: 1
   267 ;; This function calls:
   268 ;;		Nothing
   269 ;; This function is called by:
   270 ;;		_main
   271 ;; This function uses a non-reentrant model
   272 ;;
   273                           
   274                           	psect	text1
   275   007F8E                     __ptext1:
   276                           	callstack 0
   277   007F8E                     _display:
   278                           	callstack 30
   279   007F8E                     
   280                           ;Code.c: 45:     for(int i = 0; i < 8; i++){
   281   007F8E  0E00               	movlw	0
   282   007F90  6E26               	movwf	(display@i+1)^0,c
   283   007F92  0E00               	movlw	0
   284   007F94  6E25               	movwf	display@i^0,c
   285   007F96                     l737:
   286   007F96  BE26               	btfsc	(display@i+1)^0,7,c
   287   007F98  EFD7  F03F         	goto	u31
   288   007F9C  5026               	movf	(display@i+1)^0,w,c
   289   007F9E  E109               	bnz	u30
   290   007FA0  0E08               	movlw	8
   291   007FA2  5C25               	subwf	display@i^0,w,c
   292   007FA4  A0D8               	btfss	status,0,c
   293   007FA6  EFD7  F03F         	goto	u31
   294   007FAA  EFD9  F03F         	goto	u30
   295   007FAE                     u31:
   296   007FAE  EFDB  F03F         	goto	l741
   297   007FB2                     u30:
   298   007FB2  EFFF  F03F         	goto	l37
   299   007FB6                     l741:
   300                           
   301                           ;Code.c: 46:        PORTB = key[i];
   302   007FB6  5025               	movf	display@i^0,w,c
   303   007FB8  2421               	addwf	display@key^0,w,c
   304   007FBA  6ED9               	movwf	fsr2l,c
   305   007FBC  5026               	movf	(display@i+1)^0,w,c
   306   007FBE  2022               	addwfc	(display@key+1)^0,w,c
   307   007FC0  6EDA               	movwf	fsr2h,c
   308   007FC2  50DF               	movf	indf2,w,c
   309   007FC4  6E81               	movwf	129,c	;volatile
   310   007FC6                     
   311                           ;Code.c: 47:        PORTD = 0x01<<i;
   312   007FC6  C025  F023         	movff	display@i,??_display
   313   007FCA  0E01               	movlw	1
   314   007FCC  6E24               	movwf	(??_display+1)^0,c
   315   007FCE  2A23               	incf	??_display^0,f,c
   316   007FD0  EFEC  F03F         	goto	u44
   317   007FD4                     u45:
   318   007FD4  90D8               	bcf	status,0,c
   319   007FD6  3624               	rlcf	(??_display+1)^0,f,c
   320   007FD8                     u44:
   321   007FD8  2E23               	decfsz	??_display^0,f,c
   322   007FDA  EFEA  F03F         	goto	u45
   323   007FDE  5024               	movf	(??_display+1)^0,w,c
   324   007FE0  6E83               	movwf	131,c	;volatile
   325   007FE2                     
   326                           ;Code.c: 48:        _delay((unsigned long)((1)*(20000000/4000.0)));
   327   007FE2  0E07               	movlw	7
   328   007FE4  6E23               	movwf	??_display^0,c
   329   007FE6  0E7D               	movlw	125
   330   007FE8                     u57:
   331   007FE8  2EE8               	decfsz	wreg,f,c
   332   007FEA  D7FE               	bra	u57
   333   007FEC  2E23               	decfsz	??_display^0,f,c
   334   007FEE  D7FC               	bra	u57
   335   007FF0  F000               	nop	
   336   007FF2                     
   337                           ;Code.c: 49:        PORTD = 0x00;
   338   007FF2  0E00               	movlw	0
   339   007FF4  6E83               	movwf	131,c	;volatile
   340   007FF6                     
   341                           ;Code.c: 50:     }
   342   007FF6  4A25               	infsnz	display@i^0,f,c
   343   007FF8  2A26               	incf	(display@i+1)^0,f,c
   344   007FFA  EFCB  F03F         	goto	l737
   345   007FFE                     l37:
   346   007FFE  0012               	return		;funcret
   347   008000                     __end_of_display:
   348                           	callstack 0
   349   000000                     
   350                           	psect	rparam
   351   000000                     
   352                           	psect	idloc
   353                           
   354                           ;Config register IDLOC0 @ 0x200000
   355                           ;	unspecified, using default values
   356   200000                     	org	2097152
   357   200000  FF                 	db	255
   358                           
   359                           ;Config register IDLOC1 @ 0x200001
   360                           ;	unspecified, using default values
   361   200001                     	org	2097153
   362   200001  FF                 	db	255
   363                           
   364                           ;Config register IDLOC2 @ 0x200002
   365                           ;	unspecified, using default values
   366   200002                     	org	2097154
   367   200002  FF                 	db	255
   368                           
   369                           ;Config register IDLOC3 @ 0x200003
   370                           ;	unspecified, using default values
   371   200003                     	org	2097155
   372   200003  FF                 	db	255
   373                           
   374                           ;Config register IDLOC4 @ 0x200004
   375                           ;	unspecified, using default values
   376   200004                     	org	2097156
   377   200004  FF                 	db	255
   378                           
   379                           ;Config register IDLOC5 @ 0x200005
   380                           ;	unspecified, using default values
   381   200005                     	org	2097157
   382   200005  FF                 	db	255
   383                           
   384                           ;Config register IDLOC6 @ 0x200006
   385                           ;	unspecified, using default values
   386   200006                     	org	2097158
   387   200006  FF                 	db	255
   388                           
   389                           ;Config register IDLOC7 @ 0x200007
   390                           ;	unspecified, using default values
   391   200007                     	org	2097159
   392   200007  FF                 	db	255
   393                           
   394                           	psect	config
   395                           
   396                           ;Config register CONFIG1L @ 0x300000
   397                           ;	PLL Prescaler Selection bits
   398                           ;	PLLDIV = 1, No prescale (4 MHz oscillator input drives PLL directly)
   399                           ;	System Clock Postscaler Selection bits
   400                           ;	CPUDIV = OSC1_PLL2, [Primary Oscillator Src: /1][96 MHz PLL Src: /2]
   401                           ;	USB Clock Selection bit (used in Full-Speed USB mode only; UCFG:FSEN = 1)
   402                           ;	USBDIV = 1, USB clock source comes directly from the primary oscillator block with no 
      +                          postscale
   403   300000                     	org	3145728
   404   300000  00                 	db	0
   405                           
   406                           ;Config register CONFIG1H @ 0x300001
   407                           ;	Oscillator Selection bits
   408                           ;	FOSC = HS, HS oscillator (HS)
   409                           ;	Fail-Safe Clock Monitor Enable bit
   410                           ;	FCMEN = OFF, Fail-Safe Clock Monitor disabled
   411                           ;	Internal/External Oscillator Switchover bit
   412                           ;	IESO = OFF, Oscillator Switchover mode disabled
   413   300001                     	org	3145729
   414   300001  0C                 	db	12
   415                           
   416                           ;Config register CONFIG2L @ 0x300002
   417                           ;	Power-up Timer Enable bit
   418                           ;	PWRT = OFF, PWRT disabled
   419                           ;	Brown-out Reset Enable bits
   420                           ;	BOR = OFF, Brown-out Reset disabled in hardware and software
   421                           ;	Brown-out Reset Voltage bits
   422                           ;	BORV = 3, Minimum setting 2.05V
   423                           ;	USB Voltage Regulator Enable bit
   424                           ;	VREGEN = OFF, USB voltage regulator disabled
   425   300002                     	org	3145730
   426   300002  19                 	db	25
   427                           
   428                           ;Config register CONFIG2H @ 0x300003
   429                           ;	Watchdog Timer Enable bit
   430                           ;	WDT = OFF, WDT disabled (control is placed on the SWDTEN bit)
   431                           ;	Watchdog Timer Postscale Select bits
   432                           ;	WDTPS = 32768, 1:32768
   433   300003                     	org	3145731
   434   300003  1E                 	db	30
   435                           
   436                           ; Padding undefined space
   437   300004                     	org	3145732
   438   300004  FF                 	db	255
   439                           
   440                           ;Config register CONFIG3H @ 0x300005
   441                           ;	CCP2 MUX bit
   442                           ;	CCP2MX = OFF, CCP2 input/output is multiplexed with RB3
   443                           ;	PORTB A/D Enable bit
   444                           ;	PBADEN = OFF, PORTB<4:0> pins are configured as digital I/O on Reset
   445                           ;	Low-Power Timer 1 Oscillator Enable bit
   446                           ;	LPT1OSC = OFF, Timer1 configured for higher power operation
   447                           ;	MCLR Pin Enable bit
   448                           ;	MCLRE = ON, MCLR pin enabled; RE3 input pin disabled
   449   300005                     	org	3145733
   450   300005  80                 	db	128
   451                           
   452                           ;Config register CONFIG4L @ 0x300006
   453                           ;	Stack Full/Underflow Reset Enable bit
   454                           ;	STVREN = OFF, Stack full/underflow will not cause Reset
   455                           ;	Single-Supply ICSP Enable bit
   456                           ;	LVP = OFF, Single-Supply ICSP disabled
   457                           ;	Dedicated In-Circuit Debug/Programming Port (ICPORT) Enable bit
   458                           ;	ICPRT = OFF, ICPORT disabled
   459                           ;	Extended Instruction Set Enable bit
   460                           ;	XINST = OFF, Instruction set extension and Indexed Addressing mode disabled (Legacy mo
      +                          de)
   461                           ;	Background Debugger Enable bit
   462                           ;	DEBUG = 0x1, unprogrammed default
   463   300006                     	org	3145734
   464   300006  80                 	db	128
   465                           
   466                           ; Padding undefined space
   467   300007                     	org	3145735
   468   300007  FF                 	db	255
   469                           
   470                           ;Config register CONFIG5L @ 0x300008
   471                           ;	Code Protection bit
   472                           ;	CP0 = OFF, Block 0 (000800-001FFFh) is not code-protected
   473                           ;	Code Protection bit
   474                           ;	CP1 = OFF, Block 1 (002000-003FFFh) is not code-protected
   475                           ;	Code Protection bit
   476                           ;	CP2 = OFF, Block 2 (004000-005FFFh) is not code-protected
   477                           ;	Code Protection bit
   478                           ;	CP3 = OFF, Block 3 (006000-007FFFh) is not code-protected
   479   300008                     	org	3145736
   480   300008  0F                 	db	15
   481                           
   482                           ;Config register CONFIG5H @ 0x300009
   483                           ;	Boot Block Code Protection bit
   484                           ;	CPB = OFF, Boot block (000000-0007FFh) is not code-protected
   485                           ;	Data EEPROM Code Protection bit
   486                           ;	CPD = OFF, Data EEPROM is not code-protected
   487   300009                     	org	3145737
   488   300009  C0                 	db	192
   489                           
   490                           ;Config register CONFIG6L @ 0x30000A
   491                           ;	Write Protection bit
   492                           ;	WRT0 = OFF, Block 0 (000800-001FFFh) is not write-protected
   493                           ;	Write Protection bit
   494                           ;	WRT1 = OFF, Block 1 (002000-003FFFh) is not write-protected
   495                           ;	Write Protection bit
   496                           ;	WRT2 = OFF, Block 2 (004000-005FFFh) is not write-protected
   497                           ;	Write Protection bit
   498                           ;	WRT3 = OFF, Block 3 (006000-007FFFh) is not write-protected
   499   30000A                     	org	3145738
   500   30000A  0F                 	db	15
   501                           
   502                           ;Config register CONFIG6H @ 0x30000B
   503                           ;	Configuration Register Write Protection bit
   504                           ;	WRTC = OFF, Configuration registers (300000-3000FFh) are not write-protected
   505                           ;	Boot Block Write Protection bit
   506                           ;	WRTB = OFF, Boot block (000000-0007FFh) is not write-protected
   507                           ;	Data EEPROM Write Protection bit
   508                           ;	WRTD = OFF, Data EEPROM is not write-protected
   509   30000B                     	org	3145739
   510   30000B  E0                 	db	224
   511                           
   512                           ;Config register CONFIG7L @ 0x30000C
   513                           ;	Table Read Protection bit
   514                           ;	EBTR0 = OFF, Block 0 (000800-001FFFh) is not protected from table reads executed in ot
      +                          her blocks
   515                           ;	Table Read Protection bit
   516                           ;	EBTR1 = OFF, Block 1 (002000-003FFFh) is not protected from table reads executed in ot
      +                          her blocks
   517                           ;	Table Read Protection bit
   518                           ;	EBTR2 = OFF, Block 2 (004000-005FFFh) is not protected from table reads executed in ot
      +                          her blocks
   519                           ;	Table Read Protection bit
   520                           ;	EBTR3 = OFF, Block 3 (006000-007FFFh) is not protected from table reads executed in ot
      +                          her blocks
   521   30000C                     	org	3145740
   522   30000C  0F                 	db	15
   523                           
   524                           ;Config register CONFIG7H @ 0x30000D
   525                           ;	Boot Block Table Read Protection bit
   526                           ;	EBTRB = OFF, Boot block (000000-0007FFh) is not protected from table reads executed in
      +                           other blocks
   527   30000D                     	org	3145741
   528   30000D  40                 	db	64
   529                           tosu	equ	0xFFF
   530                           tosh	equ	0xFFE
   531                           tosl	equ	0xFFD
   532                           stkptr	equ	0xFFC
   533                           pclatu	equ	0xFFB
   534                           pclath	equ	0xFFA
   535                           pcl	equ	0xFF9
   536                           tblptru	equ	0xFF8
   537                           tblptrh	equ	0xFF7
   538                           tblptrl	equ	0xFF6
   539                           tablat	equ	0xFF5
   540                           prodh	equ	0xFF4
   541                           prodl	equ	0xFF3
   542                           indf0	equ	0xFEF
   543                           postinc0	equ	0xFEE
   544                           postdec0	equ	0xFED
   545                           preinc0	equ	0xFEC
   546                           plusw0	equ	0xFEB
   547                           fsr0h	equ	0xFEA
   548                           fsr0l	equ	0xFE9
   549                           wreg	equ	0xFE8
   550                           indf1	equ	0xFE7
   551                           postinc1	equ	0xFE6
   552                           postdec1	equ	0xFE5
   553                           preinc1	equ	0xFE4
   554                           plusw1	equ	0xFE3
   555                           fsr1h	equ	0xFE2
   556                           fsr1l	equ	0xFE1
   557                           bsr	equ	0xFE0
   558                           indf2	equ	0xFDF
   559                           postinc2	equ	0xFDE
   560                           postdec2	equ	0xFDD
   561                           preinc2	equ	0xFDC
   562                           plusw2	equ	0xFDB
   563                           fsr2h	equ	0xFDA
   564                           fsr2l	equ	0xFD9
   565                           status	equ	0xFD8

Data Sizes:
    Strings     0
    Constant    0
    Data        32
    BSS         0
    Persistent  0
    Stack       0

Auto Spaces:
    Space          Size  Autos    Used
    COMRAM           95      6      38
    BANK0           160      0       0
    BANK1           256      0       0
    BANK2           256      0       0
    BANK3           256      0       0
    BANK4           256      0       0
    BANK5           256      0       0
    BANK6           256      0       0
    BANK7           256      0       0

Pointer List with Targets:

    display@key	PTR unsigned char  size(2) Largest target is 8
		 -> keyHeart(COMRAM[8]), 


Critical Paths under _main in COMRAM

    _main->_display

Critical Paths under _main in BANK0

    None.

Critical Paths under _main in BANK1

    None.

Critical Paths under _main in BANK2

    None.

Critical Paths under _main in BANK3

    None.

Critical Paths under _main in BANK4

    None.

Critical Paths under _main in BANK5

    None.

Critical Paths under _main in BANK6

    None.

Critical Paths under _main in BANK7

    None.

Call Graph Tables:

 ---------------------------------------------------------------------------------
 (Depth) Function   	        Calls       Base Space   Used Autos Params    Refs
 ---------------------------------------------------------------------------------
 (0) _main                                                 0     0      0     188
                            _display
 ---------------------------------------------------------------------------------
 (1) _display                                              6     4      2     188
                                              0 COMRAM     6     4      2
 ---------------------------------------------------------------------------------
 Estimated maximum stack depth 1
 ---------------------------------------------------------------------------------

 Call Graph Graphs:

 _main (ROOT)
   _display

 Address spaces:
Name               Size   Autos  Total    Cost      Usage
BIGRAM             7FF      0       0      28        0.0%
EEDATA             100      0       0       0        0.0%
BITBANK7           100      0       0      18        0.0%
BANK7              100      0       0      19        0.0%
BITBANK6           100      0       0      16        0.0%
BANK6              100      0       0      17        0.0%
BITBANK5           100      0       0      14        0.0%
BANK5              100      0       0      15        0.0%
BITBANK4           100      0       0      12        0.0%
BANK4              100      0       0      13        0.0%
BITBANK3           100      0       0      10        0.0%
BANK3              100      0       0      11        0.0%
BITBANK2           100      0       0       8        0.0%
BANK2              100      0       0       9        0.0%
BITBANK1           100      0       0       6        0.0%
BANK1              100      0       0       7        0.0%
BITBANK0            A0      0       0       4        0.0%
BANK0               A0      0       0       5        0.0%
BITBIGSFRhhhh       6A      0       0      20        0.0%
BITCOMRAM           5F      0       0       0        0.0%
COMRAM              5F      6      26       1       40.0%
BITBIGSFRl          21      0       0      26        0.0%
BITBIGSFRhhhll       6      0       0      22        0.0%
BITBIGSFRhlh         6      0       0      24        0.0%
BITBIGSFRhhhlh       1      0       0      21        0.0%
BITBIGSFRhhl         1      0       0      23        0.0%
BITBIGSFRhll         1      0       0      25        0.0%
BIGSFR               0      0       0     200        0.0%
BITSFR               0      0       0     200        0.0%
SFR                  0      0       0     200        0.0%
STACK                0      0       0       2        0.0%
NULL                 0      0       0       0        0.0%
ABS                  0      0      26      27        0.0%
DATA                 0      0      26       3        0.0%
CODE                 0      0       0       0        0.0%


Microchip Technology PIC18 Macro Assembler V2.40 build 20220703182018 
Symbol Table                                                                                   Wed Feb 08 21:46:26 2023

                     l37 7FFE                       u30 7FB2                       u31 7FAE  
                     u44 7FD8                       u45 7FD4                       u57 7FE8  
                    l741 7FB6                      l743 7FC6                      l735 7F8E  
                    l745 7FE2                      l737 7F96                      l753 7F62  
                    l747 7FF2                      l755 7F7A                      l749 7FF6  
                    wreg 000FE8                     _LATB 000F8A                     _LATD 000F8C  
                   _key1 0011                     _keyA 0009                     _keyN 0001  
                   _main 7F62                     indf2 000FDF                     fsr1l 000FE1  
                   fsr2l 000FD9                     start 0000             ___param_bank 000000  
                  ?_main 0021                    _PORTB 000F81                    _PORTD 000F83  
                  _TRISB 000F93                    _TRISD 000F95          __end_of_display 8000  
                  tablat 000FF5                    status 000FD8          __initialization 7F3C  
           __end_of_main 7F8E                   ??_main 0027            __activetblptr 000000  
                 isa$std 000001                ??_display 0023             __pdataCOMRAM 0001  
                 tblptrh 000FF7                   tblptrl 000FF6                   tblptru 000FF8  
             __accesstop 0060  __end_of__initialization 7F5C            ___rparam_used 000001  
         __pcstackCOMRAM 0021                  __Hparam 0000                  __Lparam 0000  
                __pcinit 7F3C                  __ramtop 0800                  __ptext0 7F62  
                __ptext1 7F8E                  _display 7F8E     end_of_initialization 7F5C  
                postdec1 000FE5                  postinc0 000FEE               display@key 0021  
          __pidataCOMRAM 7F1C      start_initialization 7F3C                 ?_display 0021  
              copy_data0 7F50                 __Hrparam 0000                 __Lrparam 0000  
               _keyHeart 0019                 isa$xinst 000000                 display@i 0025  
